11-22-2016 @ 09:01:05 - Queuing 2.6.0 - wc_update_260_options
11-22-2016 @ 09:01:05 - Queuing 2.6.0 - wc_update_260_termmeta
11-22-2016 @ 09:01:05 - Queuing 2.6.0 - wc_update_260_zones
11-22-2016 @ 09:01:05 - Queuing 2.6.0 - wc_update_260_zone_methods
11-22-2016 @ 09:01:05 - Queuing 2.6.0 - wc_update_260_refunds
11-22-2016 @ 09:01:05 - Queuing 2.6.0 - wc_update_260_db_version
11-22-2016 @ 09:01:11 - Running wc_update_260_options callback
11-22-2016 @ 09:01:11 - Finished wc_update_260_options callback
11-22-2016 @ 09:01:11 - Running wc_update_260_termmeta callback
11-22-2016 @ 09:01:12 - Finished wc_update_260_termmeta callback
11-22-2016 @ 09:01:13 - Running wc_update_260_zones callback
11-22-2016 @ 09:01:13 - Finished wc_update_260_zones callback
11-22-2016 @ 09:01:13 - Running wc_update_260_zone_methods callback
11-22-2016 @ 09:01:13 - Finished wc_update_260_zone_methods callback
11-22-2016 @ 09:01:13 - Running wc_update_260_refunds callback
11-22-2016 @ 09:01:13 - Finished wc_update_260_refunds callback
11-22-2016 @ 09:01:13 - Running wc_update_260_db_version callback
11-22-2016 @ 09:01:13 - Finished wc_update_260_db_version callback
11-22-2016 @ 09:01:14 - Data update complete
2018-05-17T09:07:51+00:00 INFO Queuing 3.0.0 - wc_update_300_grouped_products
2018-05-17T09:07:51+00:00 INFO Queuing 3.0.0 - wc_update_300_settings
2018-05-17T09:07:51+00:00 INFO Queuing 3.0.0 - wc_update_300_product_visibility
2018-05-17T09:07:51+00:00 INFO Queuing 3.0.0 - wc_update_300_db_version
2018-05-17T09:07:51+00:00 INFO Queuing 3.1.0 - wc_update_310_downloadable_products
2018-05-17T09:07:51+00:00 INFO Queuing 3.1.0 - wc_update_310_old_comments
2018-05-17T09:07:51+00:00 INFO Queuing 3.1.0 - wc_update_310_db_version
2018-05-17T09:07:51+00:00 INFO Queuing 3.1.2 - wc_update_312_shop_manager_capabilities
2018-05-17T09:07:51+00:00 INFO Queuing 3.1.2 - wc_update_312_db_version
2018-05-17T09:07:51+00:00 INFO Queuing 3.2.0 - wc_update_320_mexican_states
2018-05-17T09:07:51+00:00 INFO Queuing 3.2.0 - wc_update_320_db_version
2018-05-17T09:07:51+00:00 INFO Queuing 3.3.0 - wc_update_330_image_options
2018-05-17T09:07:51+00:00 INFO Queuing 3.3.0 - wc_update_330_webhooks
2018-05-17T09:07:51+00:00 INFO Queuing 3.3.0 - wc_update_330_product_stock_status
2018-05-17T09:07:51+00:00 INFO Queuing 3.3.0 - wc_update_330_set_default_product_cat
2018-05-17T09:07:51+00:00 INFO Queuing 3.3.0 - wc_update_330_clear_transients
2018-05-17T09:07:51+00:00 INFO Queuing 3.3.0 - wc_update_330_set_paypal_sandbox_credentials
2018-05-17T09:07:51+00:00 INFO Queuing 3.3.0 - wc_update_330_db_version
2018-05-17T09:07:52+00:00 INFO Running wc_update_300_grouped_products callback
2018-05-17T09:07:53+00:00 INFO Finished wc_update_300_grouped_products callback
2018-05-17T09:07:53+00:00 INFO Running wc_update_300_settings callback
2018-05-17T09:07:53+00:00 INFO Finished wc_update_300_settings callback
2018-05-17T09:07:53+00:00 INFO Running wc_update_300_product_visibility callback
2018-05-17T09:07:53+00:00 INFO Finished wc_update_300_product_visibility callback
2018-05-17T09:07:53+00:00 INFO Running wc_update_300_db_version callback
2018-05-17T09:07:53+00:00 INFO Finished wc_update_300_db_version callback
2018-05-17T09:07:53+00:00 INFO Running wc_update_310_downloadable_products callback
2018-05-17T09:07:53+00:00 INFO Finished wc_update_310_downloadable_products callback
2018-05-17T09:07:53+00:00 INFO Running wc_update_310_old_comments callback
2018-05-17T09:07:53+00:00 INFO Finished wc_update_310_old_comments callback
2018-05-17T09:07:53+00:00 INFO Running wc_update_310_db_version callback
2018-05-17T09:07:53+00:00 INFO Finished wc_update_310_db_version callback
2018-05-17T09:07:53+00:00 INFO Running wc_update_312_shop_manager_capabilities callback
2018-05-17T09:07:53+00:00 INFO Finished wc_update_312_shop_manager_capabilities callback
2018-05-17T09:07:53+00:00 INFO Running wc_update_312_db_version callback
2018-05-17T09:07:53+00:00 INFO Finished wc_update_312_db_version callback
2018-05-17T09:07:53+00:00 INFO Running wc_update_320_mexican_states callback
2018-05-17T09:07:53+00:00 INFO Finished wc_update_320_mexican_states callback
2018-05-17T09:07:53+00:00 INFO Running wc_update_320_db_version callback
2018-05-17T09:07:53+00:00 INFO Finished wc_update_320_db_version callback
2018-05-17T09:07:53+00:00 INFO Running wc_update_330_image_options callback
2018-05-17T09:07:53+00:00 INFO Finished wc_update_330_image_options callback
2018-05-17T09:07:53+00:00 INFO Running wc_update_330_webhooks callback
2018-05-17T09:07:53+00:00 INFO Finished wc_update_330_webhooks callback
2018-05-17T09:07:53+00:00 INFO Running wc_update_330_product_stock_status callback
2018-05-17T09:07:53+00:00 INFO Finished wc_update_330_product_stock_status callback
2018-05-17T09:07:53+00:00 INFO Running wc_update_330_set_default_product_cat callback
2018-05-17T09:07:54+00:00 INFO Finished wc_update_330_set_default_product_cat callback
2018-05-17T09:07:54+00:00 INFO Running wc_update_330_clear_transients callback
2018-05-17T09:07:54+00:00 INFO Finished wc_update_330_clear_transients callback
2018-05-17T09:07:54+00:00 INFO Running wc_update_330_set_paypal_sandbox_credentials callback
2018-05-17T09:07:54+00:00 INFO Finished wc_update_330_set_paypal_sandbox_credentials callback
2018-05-17T09:07:54+00:00 INFO Running wc_update_330_db_version callback
2018-05-17T09:07:54+00:00 INFO Finished wc_update_330_db_version callback
2018-05-17T09:07:54+00:00 INFO Data update complete
